{"name": "test_unsuccessful_login", "status": "failed", "statusDetails": {"message": "selene.core.exceptions.TimeoutException: Message: \n\nTimed out after 2.0s, while waiting for:\nbrowser.element(('css selector', '[type=submit]')).press keys: ('\\ue007',)\n\nReason: ElementNotInteractableException: Message: element not interactable\n  (Session info: chrome=114.0.5735.199)\nStacktrace:\nBacktrace:\n\tGetHandleVerifier [0x0092A813+48355]\n\t(No symbol) [0x008BC4B1]\n\t(No symbol) [0x007C5220]\n\t(No symbol) [0x007ED046]\n\t(No symbol) [0x007EC8B1]\n\t(No symbol) [0x0080A73C]\n\t(No symbol) [0x007E9A36]\n\t(No symbol) [0x0080AA94]\n\t(No symbol) [0x0081C922]\n\t(No symbol) [0x0080A536]\n\t(No symbol) [0x007E82DC]\n\t(No symbol) [0x007E93DD]\n\tGetHandleVerifier [0x00B8AABD+2539405]\n\tGetHandleVerifier [0x00BCA78F+2800735]\n\tGetHandleVerifier [0x00BC456C+2775612]\n\tGetHandleVerifier [0x009B51E0+616112]\n\t(No symbol) [0x008C5F8C]\n\t(No symbol) [0x008C2328]\n\t(No symbol) [0x008C240B]\n\t(No symbol) [0x008B4FF7]\n\tBaseThreadInitThunk [0x761B7D59+25]\n\tRtlInitializeExceptionChain [0x779AB74B+107]\n\tRtlClearBits [0x779AB6CF+191]\n\nScreenshot: file://C:\\Users\\skmee\\.selene\\screenshots\\1689095687196\\1689095687196.png\nPageSource: file://C:\\Users\\skmee\\.selene\\screenshots\\1689095687196\\1689095687196.html", "trace": "fn = <selene.core.wait.Command object at 0x0000022E76231710>\n\n    def logic(fn: Callable[[E], R]) -> R:\n        finish_time = time.time() + self._timeout\n    \n        while True:\n            try:\n>               return fn(self.entity)\n\n..\\..\\..\\AppData\\Local\\Programs\\Python\\Python311\\Lib\\site-packages\\selene\\core\\wait.py:119: \n_ _ _ _ _ _ _ _ _ _ _ _ _ _ _ _ _ _ _ _ _ _ _ _ _ _ _ _ _ _ _ _ _ _ _ _ _ _ _ _\n\nself = <selene.core.wait.Command object at 0x0000022E76231710>\nentity = <selene.core.entity.Element object at 0x0000022E7621B210>\n\n    def __call__(self, entity: E) -> R:\n>       return self._fn(entity)\n\n..\\..\\..\\AppData\\Local\\Programs\\Python\\Python311\\Lib\\site-packages\\selene\\core\\wait.py:61: \n_ _ _ _ _ _ _ _ _ _ _ _ _ _ _ _ _ _ _ _ _ _ _ _ _ _ _ _ _ _ _ _ _ _ _ _ _ _ _ _\n\nelement = <selene.core.entity.Element object at 0x0000022E7621B210>\n\n    def fn(element: Element):\n        webelement = (\n            element._actual_not_overlapped_webelement\n            if self.config.wait_for_no_overlap_found_by_js\n            else element()\n        )\n>       webelement.send_keys(*keys)\n\n..\\..\\..\\AppData\\Local\\Programs\\Python\\Python311\\Lib\\site-packages\\selene\\core\\entity.py:483: \n_ _ _ _ _ _ _ _ _ _ _ _ _ _ _ _ _ _ _ _ _ _ _ _ _ _ _ _ _ _ _ _ _ _ _ _ _ _ _ _\n\nself = <selenium.webdriver.remote.webelement.WebElement (session=\"9820f4d6c91dd37c21cf5a169ff14888\", element=\"EC12843DEBA1CA9BD97C267FDA0183CD_element_26\")>\nvalue = ('\\ue007',)\n\n    def send_keys(self, *value) -> None:\n        \"\"\"Simulates typing into the element.\n    \n        :Args:\n            - value - A string for typing, or setting form fields.  For setting\n              file inputs, this could be a local file path.\n    \n        Use this to send simple key events or to fill out form fields::\n    \n            form_textfield = driver.find_element(By.NAME, 'username')\n            form_textfield.send_keys(\"admin\")\n    \n        This can also be used to set file inputs.\n    \n        ::\n    \n            file_input = driver.find_element(By.NAME, 'profilePic')\n            file_input.send_keys(\"path/to/profilepic.gif\")\n            # Generally it's better to wrap the file path in one of the methods\n            # in os.path to return the actual path to support cross OS testing.\n            # file_input.send_keys(os.path.abspath(\"path/to/profilepic.gif\"))\n        \"\"\"\n        # transfer file to another machine only if remote driver is used\n        # the same behaviour as for java binding\n        if self.parent._is_remote:\n            local_files = list(\n                map(\n                    lambda keys_to_send: self.parent.file_detector.is_local_file(str(keys_to_send)),\n                    \"\".join(map(str, value)).split(\"\\n\"),\n                )\n            )\n            if None not in local_files:\n                remote_files = []\n                for file in local_files:\n                    remote_files.append(self._upload(file))\n                value = \"\\n\".join(remote_files)\n    \n>       self._execute(\n            Command.SEND_KEYS_TO_ELEMENT, {\"text\": \"\".join(keys_to_typing(value)), \"value\": keys_to_typing(value)}\n        )\n\n..\\..\\..\\AppData\\Local\\Programs\\Python\\Python311\\Lib\\site-packages\\selenium\\webdriver\\remote\\webelement.py:231: \n_ _ _ _ _ _ _ _ _ _ _ _ _ _ _ _ _ _ _ _ _ _ _ _ _ _ _ _ _ _ _ _ _ _ _ _ _ _ _ _\n\nself = <selenium.webdriver.remote.webelement.WebElement (session=\"9820f4d6c91dd37c21cf5a169ff14888\", element=\"EC12843DEBA1CA9BD97C267FDA0183CD_element_26\")>\ncommand = 'sendKeysToElement'\nparams = {'id': 'EC12843DEBA1CA9BD97C267FDA0183CD_element_26', 'text': '\\ue007', 'value': ['\\ue007']}\n\n    def _execute(self, command, params=None):\n        \"\"\"Executes a command against the underlying HTML element.\n    \n        Args:\n          command: The name of the command to _execute as a string.\n          params: A dictionary of named parameters to send with the command.\n    \n        Returns:\n          The command's JSON response loaded into a dictionary object.\n        \"\"\"\n        if not params:\n            params = {}\n        params[\"id\"] = self._id\n>       return self._parent.execute(command, params)\n\n..\\..\\..\\AppData\\Local\\Programs\\Python\\Python311\\Lib\\site-packages\\selenium\\webdriver\\remote\\webelement.py:404: \n_ _ _ _ _ _ _ _ _ _ _ _ _ _ _ _ _ _ _ _ _ _ _ _ _ _ _ _ _ _ _ _ _ _ _ _ _ _ _ _\n\nself = <selenium.webdriver.chrome.webdriver.WebDriver (session=\"9820f4d6c91dd37c21cf5a169ff14888\")>\ndriver_command = 'sendKeysToElement'\nparams = {'id': 'EC12843DEBA1CA9BD97C267FDA0183CD_element_26', 'text': '\\ue007', 'value': ['\\ue007']}\n\n    def execute(self, driver_command: str, params: dict = None) -> dict:\n        \"\"\"Sends a command to be executed by a command.CommandExecutor.\n    \n        :Args:\n         - driver_command: The name of the command to execute as a string.\n         - params: A dictionary of named parameters to send with the command.\n    \n        :Returns:\n          The command's JSON response loaded into a dictionary object.\n        \"\"\"\n        params = self._wrap_value(params)\n    \n        if self.session_id:\n            if not params:\n                params = {\"sessionId\": self.session_id}\n            elif \"sessionId\" not in params:\n                params[\"sessionId\"] = self.session_id\n    \n        response = self.command_executor.execute(driver_command, params)\n        if response:\n>           self.error_handler.check_response(response)\n\n..\\..\\..\\AppData\\Local\\Programs\\Python\\Python311\\Lib\\site-packages\\selenium\\webdriver\\remote\\webdriver.py:440: \n_ _ _ _ _ _ _ _ _ _ _ _ _ _ _ _ _ _ _ _ _ _ _ _ _ _ _ _ _ _ _ _ _ _ _ _ _ _ _ _\n\nself = <selenium.webdriver.remote.errorhandler.ErrorHandler object at 0x0000022E74CAA310>\nresponse = {'status': 400, 'value': '{\"value\":{\"error\":\"element not interactable\",\"message\":\"element not interactable\\\\n  (Sessio...dInitThunk [0x761B7D59+25]\\\\n\\\\tRtlInitializeExceptionChain [0x779AB74B+107]\\\\n\\\\tRtlClearBits [0x779AB6CF+191]\\\\n\"}}'}\n\n    def check_response(self, response: Dict[str, Any]) -> None:\n        \"\"\"Checks that a JSON response from the WebDriver does not have an\n        error.\n    \n        :Args:\n         - response - The JSON response from the WebDriver server as a dictionary\n           object.\n    \n        :Raises: If the response contains an error message.\n        \"\"\"\n        status = response.get(\"status\", None)\n        if not status or status == ErrorCode.SUCCESS:\n            return\n        value = None\n        message = response.get(\"message\", \"\")\n        screen: str = response.get(\"screen\", \"\")\n        stacktrace = None\n        if isinstance(status, int):\n            value_json = response.get(\"value\", None)\n            if value_json and isinstance(value_json, str):\n                import json\n    \n                try:\n                    value = json.loads(value_json)\n                    if len(value) == 1:\n                        value = value[\"value\"]\n                    status = value.get(\"error\", None)\n                    if not status:\n                        status = value.get(\"status\", ErrorCode.UNKNOWN_ERROR)\n                        message = value.get(\"value\") or value.get(\"message\")\n                        if not isinstance(message, str):\n                            value = message\n                            message = message.get(\"message\")\n                    else:\n                        message = value.get(\"message\", None)\n                except ValueError:\n                    pass\n    \n        exception_class: Type[WebDriverException]\n        if status in ErrorCode.NO_SUCH_ELEMENT:\n            exception_class = NoSuchElementException\n        elif status in ErrorCode.NO_SUCH_FRAME:\n            exception_class = NoSuchFrameException\n        elif status in ErrorCode.NO_SUCH_SHADOW_ROOT:\n            exception_class = NoSuchShadowRootException\n        elif status in ErrorCode.NO_SUCH_WINDOW:\n            exception_class = NoSuchWindowException\n        elif status in ErrorCode.STALE_ELEMENT_REFERENCE:\n            exception_class = StaleElementReferenceException\n        elif status in ErrorCode.ELEMENT_NOT_VISIBLE:\n            exception_class = ElementNotVisibleException\n        elif status in ErrorCode.INVALID_ELEMENT_STATE:\n            exception_class = InvalidElementStateException\n        elif (\n            status in ErrorCode.INVALID_SELECTOR\n            or status in ErrorCode.INVALID_XPATH_SELECTOR\n            or status in ErrorCode.INVALID_XPATH_SELECTOR_RETURN_TYPER\n        ):\n            exception_class = InvalidSelectorException\n        elif status in ErrorCode.ELEMENT_IS_NOT_SELECTABLE:\n            exception_class = ElementNotSelectableException\n        elif status in ErrorCode.ELEMENT_NOT_INTERACTABLE:\n            exception_class = ElementNotInteractableException\n        elif status in ErrorCode.INVALID_COOKIE_DOMAIN:\n            exception_class = InvalidCookieDomainException\n        elif status in ErrorCode.UNABLE_TO_SET_COOKIE:\n            exception_class = UnableToSetCookieException\n        elif status in ErrorCode.TIMEOUT:\n            exception_class = TimeoutException\n        elif status in ErrorCode.SCRIPT_TIMEOUT:\n            exception_class = TimeoutException\n        elif status in ErrorCode.UNKNOWN_ERROR:\n            exception_class = WebDriverException\n        elif status in ErrorCode.UNEXPECTED_ALERT_OPEN:\n            exception_class = UnexpectedAlertPresentException\n        elif status in ErrorCode.NO_ALERT_OPEN:\n            exception_class = NoAlertPresentException\n        elif status in ErrorCode.IME_NOT_AVAILABLE:\n            exception_class = ImeNotAvailableException\n        elif status in ErrorCode.IME_ENGINE_ACTIVATION_FAILED:\n            exception_class = ImeActivationFailedException\n        elif status in ErrorCode.MOVE_TARGET_OUT_OF_BOUNDS:\n            exception_class = MoveTargetOutOfBoundsException\n        elif status in ErrorCode.JAVASCRIPT_ERROR:\n            exception_class = JavascriptException\n        elif status in ErrorCode.SESSION_NOT_CREATED:\n            exception_class = SessionNotCreatedException\n        elif status in ErrorCode.INVALID_ARGUMENT:\n            exception_class = InvalidArgumentException\n        elif status in ErrorCode.NO_SUCH_COOKIE:\n            exception_class = NoSuchCookieException\n        elif status in ErrorCode.UNABLE_TO_CAPTURE_SCREEN:\n            exception_class = ScreenshotException\n        elif status in ErrorCode.ELEMENT_CLICK_INTERCEPTED:\n            exception_class = ElementClickInterceptedException\n        elif status in ErrorCode.INSECURE_CERTIFICATE:\n            exception_class = InsecureCertificateException\n        elif status in ErrorCode.INVALID_COORDINATES:\n            exception_class = InvalidCoordinatesException\n        elif status in ErrorCode.INVALID_SESSION_ID:\n            exception_class = InvalidSessionIdException\n        elif status in ErrorCode.UNKNOWN_METHOD:\n            exception_class = UnknownMethodException\n        else:\n            exception_class = WebDriverException\n        if not value:\n            value = response[\"value\"]\n        if isinstance(value, str):\n            raise exception_class(value)\n        if message == \"\" and \"message\" in value:\n            message = value[\"message\"]\n    \n        screen = None  # type: ignore[assignment]\n        if \"screen\" in value:\n            screen = value[\"screen\"]\n    \n        stacktrace = None\n        st_value = value.get(\"stackTrace\") or value.get(\"stacktrace\")\n        if st_value:\n            if isinstance(st_value, str):\n                stacktrace = st_value.split(\"\\n\")\n            else:\n                stacktrace = []\n                try:\n                    for frame in st_value:\n                        line = frame.get(\"lineNumber\", \"\")\n                        file = frame.get(\"fileName\", \"<anonymous>\")\n                        if line:\n                            file = f\"{file}:{line}\"\n                        meth = frame.get(\"methodName\", \"<anonymous>\")\n                        if \"className\" in frame:\n                            meth = f\"{frame['className']}.{meth}\"\n                        msg = \"    at %s (%s)\"\n                        msg = msg % (meth, file)\n                        stacktrace.append(msg)\n                except TypeError:\n                    pass\n        if exception_class == UnexpectedAlertPresentException:\n            alert_text = None\n            if \"data\" in value:\n                alert_text = value[\"data\"].get(\"text\")\n            elif \"alert\" in value:\n                alert_text = value[\"alert\"].get(\"text\")\n            raise exception_class(message, screen, stacktrace, alert_text)  # type: ignore[call-arg]  # mypy is not smart enough here\n>       raise exception_class(message, screen, stacktrace)\nE       selenium.common.exceptions.ElementNotInteractableException: Message: element not interactable\nE         (Session info: chrome=114.0.5735.199)\nE       Stacktrace:\nE       Backtrace:\nE       \tGetHandleVerifier [0x0092A813+48355]\nE       \t(No symbol) [0x008BC4B1]\nE       \t(No symbol) [0x007C5220]\nE       \t(No symbol) [0x007ED046]\nE       \t(No symbol) [0x007EC8B1]\nE       \t(No symbol) [0x0080A73C]\nE       \t(No symbol) [0x007E9A36]\nE       \t(No symbol) [0x0080AA94]\nE       \t(No symbol) [0x0081C922]\nE       \t(No symbol) [0x0080A536]\nE       \t(No symbol) [0x007E82DC]\nE       \t(No symbol) [0x007E93DD]\nE       \tGetHandleVerifier [0x00B8AABD+2539405]\nE       \tGetHandleVerifier [0x00BCA78F+2800735]\nE       \tGetHandleVerifier [0x00BC456C+2775612]\nE       \tGetHandleVerifier [0x009B51E0+616112]\nE       \t(No symbol) [0x008C5F8C]\nE       \t(No symbol) [0x008C2328]\nE       \t(No symbol) [0x008C240B]\nE       \t(No symbol) [0x008B4FF7]\nE       \tBaseThreadInitThunk [0x761B7D59+25]\nE       \tRtlInitializeExceptionChain [0x779AB74B+107]\nE       \tRtlClearBits [0x779AB6CF+191]\n\n..\\..\\..\\AppData\\Local\\Programs\\Python\\Python311\\Lib\\site-packages\\selenium\\webdriver\\remote\\errorhandler.py:245: ElementNotInteractableException\n\nDuring handling of the above exception, another exception occurred:\n\n    @allure.tag(\"web\")\n    @allure.severity(Severity.CRITICAL)\n    @allure.feature(f'Authorization check with invalid data')\n    @allure.story(\"Checking if an error is displayed when entering an email and password that is not in the system\")\n    def test_unsuccessful_login():\n        with allure.step('Select login and enter an invalid username and password'):\n            app.user_log_in.open() \\\n                .fill_incorrect_email(user.wrong_email) \\\n                .fill_password(user.password) \\\n>               .login_button()\n\ntest_login.py:17: \n_ _ _ _ _ _ _ _ _ _ _ _ _ _ _ _ _ _ _ _ _ _ _ _ _ _ _ _ _ _ _ _ _ _ _ _ _ _ _ _\n..\\udemy_autotests_web\\model\\pages\\user_log_in_page.py:22: in login_button\n    browser.element('[type=submit]').press_enter()\n..\\..\\..\\AppData\\Local\\Programs\\Python\\Python311\\Lib\\site-packages\\selene\\core\\entity.py:490: in press_enter\n    return self.press(Keys.ENTER)\n..\\..\\..\\AppData\\Local\\Programs\\Python\\Python311\\Lib\\site-packages\\selene\\core\\entity.py:485: in press\n    self.wait.command(f'press keys: {keys}', fn)\n..\\..\\..\\AppData\\Local\\Programs\\Python\\Python311\\Lib\\site-packages\\selene\\core\\wait.py:154: in command\n    self.for_(Command(description, fn))\n..\\..\\..\\AppData\\Local\\Programs\\Python\\Python311\\Lib\\site-packages\\selene\\core\\wait.py:143: in for_\n    return self._decorator(self)(logic)(fn)\n_ _ _ _ _ _ _ _ _ _ _ _ _ _ _ _ _ _ _ _ _ _ _ _ _ _ _ _ _ _ _ _ _ _ _ _ _ _ _ _\n\nfn = <selene.core.wait.Command object at 0x0000022E76231710>\n\n    def logic(fn: Callable[[E], R]) -> R:\n        finish_time = time.time() + self._timeout\n    \n        while True:\n            try:\n                return fn(self.entity)\n            except Exception as reason:\n                if time.time() > finish_time:\n                    reason_message = str(reason)\n    \n                    reason_string = '{name}: {message}'.format(\n                        name=reason.__class__.__name__,\n                        message=reason_message,\n                    )\n                    # TODO: think on how can we improve logging failures in selene, e.g. reverse msg and stacktrace\n                    # stacktrace = getattr(reason, 'stacktrace', None)\n                    timeout = self._timeout\n                    entity = self.entity\n    \n                    failure = TimeoutException(\n                        f'\\n'\n                        f'\\nTimed out after {timeout}s, while waiting for:'\n                        f'\\n{entity}.{fn}'\n                        f'\\n'\n                        f'\\nReason: {reason_string}'\n                    )\n    \n>                   raise self._hook_failure(failure)\nE                   selene.core.exceptions.TimeoutException: Message: \nE                   \nE                   Timed out after 2.0s, while waiting for:\nE                   browser.element(('css selector', '[type=submit]')).press keys: ('\\ue007',)\nE                   \nE                   Reason: ElementNotInteractableException: Message: element not interactable\nE                     (Session info: chrome=114.0.5735.199)\nE                   Stacktrace:\nE                   Backtrace:\nE                   \tGetHandleVerifier [0x0092A813+48355]\nE                   \t(No symbol) [0x008BC4B1]\nE                   \t(No symbol) [0x007C5220]\nE                   \t(No symbol) [0x007ED046]\nE                   \t(No symbol) [0x007EC8B1]\nE                   \t(No symbol) [0x0080A73C]\nE                   \t(No symbol) [0x007E9A36]\nE                   \t(No symbol) [0x0080AA94]\nE                   \t(No symbol) [0x0081C922]\nE                   \t(No symbol) [0x0080A536]\nE                   \t(No symbol) [0x007E82DC]\nE                   \t(No symbol) [0x007E93DD]\nE                   \tGetHandleVerifier [0x00B8AABD+2539405]\nE                   \tGetHandleVerifier [0x00BCA78F+2800735]\nE                   \tGetHandleVerifier [0x00BC456C+2775612]\nE                   \tGetHandleVerifier [0x009B51E0+616112]\nE                   \t(No symbol) [0x008C5F8C]\nE                   \t(No symbol) [0x008C2328]\nE                   \t(No symbol) [0x008C240B]\nE                   \t(No symbol) [0x008B4FF7]\nE                   \tBaseThreadInitThunk [0x761B7D59+25]\nE                   \tRtlInitializeExceptionChain [0x779AB74B+107]\nE                   \tRtlClearBits [0x779AB6CF+191]\nE                   \nE                   Screenshot: file://C:\\Users\\skmee\\.selene\\screenshots\\1689095687196\\1689095687196.png\nE                   PageSource: file://C:\\Users\\skmee\\.selene\\screenshots\\1689095687196\\1689095687196.html\n\n..\\..\\..\\AppData\\Local\\Programs\\Python\\Python311\\Lib\\site-packages\\selene\\core\\wait.py:141: TimeoutException"}, "steps": [{"name": "Select login and enter an invalid username and password", "status": "failed", "statusDetails": {"message": "selene.core.exceptions.TimeoutException: Message: \n\nTimed out after 2.0s, while waiting for:\nbrowser.element(('css selector', '[type=submit]')).press keys: ('\\ue007',)\n\nReason: ElementNotInteractableException: Message: element not interactable\n  (Session info: chrome=114.0.5735.199)\nStacktrace:\nBacktrace:\n\tGetHandleVerifier [0x0092A813+48355]\n\t(No symbol) [0x008BC4B1]\n\t(No symbol) [0x007C5220]\n\t(No symbol) [0x007ED046]\n\t(No symbol) [0x007EC8B1]\n\t(No symbol) [0x0080A73C]\n\t(No symbol) [0x007E9A36]\n\t(No symbol) [0x0080AA94]\n\t(No symbol) [0x0081C922]\n\t(No symbol) [0x0080A536]\n\t(No symbol) [0x007E82DC]\n\t(No symbol) [0x007E93DD]\n\tGetHandleVerifier [0x00B8AABD+2539405]\n\tGetHandleVerifier [0x00BCA78F+2800735]\n\tGetHandleVerifier [0x00BC456C+2775612]\n\tGetHandleVerifier [0x009B51E0+616112]\n\t(No symbol) [0x008C5F8C]\n\t(No symbol) [0x008C2328]\n\t(No symbol) [0x008C240B]\n\t(No symbol) [0x008B4FF7]\n\tBaseThreadInitThunk [0x761B7D59+25]\n\tRtlInitializeExceptionChain [0x779AB74B+107]\n\tRtlClearBits [0x779AB6CF+191]\n\nScreenshot: file://C:\\Users\\skmee\\.selene\\screenshots\\1689095687196\\1689095687196.png\nPageSource: file://C:\\Users\\skmee\\.selene\\screenshots\\1689095687196\\1689095687196.html\n\n", "trace": "  File \"C:\\Users\\skmee\\PycharmProjects\\udemy_autotests_web\\tests\\test_login.py\", line 17, in test_unsuccessful_login\n    .login_button()\n     ^^^^^^^^^^^^^^\n  File \"C:\\Users\\skmee\\PycharmProjects\\udemy_autotests_web\\udemy_autotests_web\\model\\pages\\user_log_in_page.py\", line 22, in login_button\n    browser.element('[type=submit]').press_enter()\n  File \"C:\\Users\\skmee\\AppData\\Local\\Programs\\Python\\Python311\\Lib\\site-packages\\selene\\core\\entity.py\", line 490, in press_enter\n    return self.press(Keys.ENTER)\n           ^^^^^^^^^^^^^^^^^^^^^^\n  File \"C:\\Users\\skmee\\AppData\\Local\\Programs\\Python\\Python311\\Lib\\site-packages\\selene\\core\\entity.py\", line 485, in press\n    self.wait.command(f'press keys: {keys}', fn)\n  File \"C:\\Users\\skmee\\AppData\\Local\\Programs\\Python\\Python311\\Lib\\site-packages\\selene\\core\\wait.py\", line 154, in command\n    self.for_(Command(description, fn))\n  File \"C:\\Users\\skmee\\AppData\\Local\\Programs\\Python\\Python311\\Lib\\site-packages\\selene\\core\\wait.py\", line 143, in for_\n    return self._decorator(self)(logic)(fn)\n           ^^^^^^^^^^^^^^^^^^^^^^^^^^^^^^^^\n  File \"C:\\Users\\skmee\\AppData\\Local\\Programs\\Python\\Python311\\Lib\\site-packages\\selene\\core\\wait.py\", line 141, in logic\n    raise self._hook_failure(failure)\n"}, "start": 1689095687606, "stop": 1689095703324}], "start": 1689095687604, "stop": 1689095703355, "uuid": "5fca0d1a-40d3-42b9-8511-f6559e1a3a53", "historyId": "0ab50b7cc9d109ccbed21afe47d8c9e9", "testCaseId": "64fa320f84ca13fdf7a1ce2c29801c22", "fullName": "tests.test_login#test_unsuccessful_login", "labels": [{"name": "severity", "value": "critical"}, {"name": "feature", "value": "Authorization check with invalid data"}, {"name": "story", "value": "Checking if an error is displayed when entering an email and password that is not in the system"}, {"name": "tag", "value": "web"}, {"name": "parentSuite", "value": "tests"}, {"name": "suite", "value": "test_login"}, {"name": "host", "value": "LAPTOP-OFQSKCIR"}, {"name": "thread", "value": "19824-MainThread"}, {"name": "framework", "value": "pytest"}, {"name": "language", "value": "cpython3"}, {"name": "package", "value": "tests.test_login"}]}