{"name": "test_successful_login", "status": "failed", "statusDetails": {"message": "selene.core.exceptions.TimeoutException: Message: \n\nTimed out after 2.0s, while waiting for:\nbrowser.element(('css selector', '[name=login]')).type: skmeerim1999@gmail.com\n\nReason: NoSuchElementException: Message: no such element: Unable to locate element: {\"method\":\"css selector\",\"selector\":\"[name=login]\"}\n  (Session info: chrome=114.0.5735.199)\nStacktrace:\nBacktrace:\n\tGetHandleVerifier [0x0046A813+48355]\n\t(No symbol) [0x003FC4B1]\n\t(No symbol) [0x00305358]\n\t(No symbol) [0x003309A5]\n\t(No symbol) [0x00330B3B]\n\t(No symbol) [0x0035E232]\n\t(No symbol) [0x0034A784]\n\t(No symbol) [0x0035C922]\n\t(No symbol) [0x0034A536]\n\t(No symbol) [0x003282DC]\n\t(No symbol) [0x003293DD]\n\tGetHandleVerifier [0x006CAABD+2539405]\n\tGetHandleVerifier [0x0070A78F+2800735]\n\tGetHandleVerifier [0x0070456C+2775612]\n\tGetHandleVerifier [0x004F51E0+616112]\n\t(No symbol) [0x00405F8C]\n\t(No symbol) [0x00402328]\n\t(No symbol) [0x0040240B]\n\t(No symbol) [0x003F4FF7]\n\tBaseThreadInitThunk [0x75D57D59+25]\n\tRtlInitializeExceptionChain [0x7759B79B+107]\n\tRtlClearBits [0x7759B71F+191]\n\nScreenshot: file://C:\\Users\\skmee\\.selene\\screenshots\\1689658142356\\1689658142358.png\nPageSource: file://C:\\Users\\skmee\\.selene\\screenshots\\1689658142356\\1689658142358.html", "trace": "fn = <selene.core.wait.Command object at 0x00000203D7BA2B90>\n\n    def logic(fn: Callable[[E], R]) -> R:\n        finish_time = time.time() + self._timeout\n    \n        while True:\n            try:\n>               return fn(self.entity)\n\n..\\..\\AppData\\Local\\Programs\\Python\\Python311\\Lib\\site-packages\\selene\\core\\wait.py:119: \n_ _ _ _ _ _ _ _ _ _ _ _ _ _ _ _ _ _ _ _ _ _ _ _ _ _ _ _ _ _ _ _ _ _ _ _ _ _ _ _ _ _ _ _ _ _ _ _ _ _ _ _ _ _ _ _ _ _ _ _ _ _ _ _ _ _ _ _ _ _ _ _ _ _\n\nself = <selene.core.wait.Command object at 0x00000203D7BA2B90>, entity = <selene.core.entity.Element object at 0x00000203D7BA0B90>\n\n    def __call__(self, entity: E) -> R:\n>       return self._fn(entity)\n\n..\\..\\AppData\\Local\\Programs\\Python\\Python311\\Lib\\site-packages\\selene\\core\\wait.py:61: \n_ _ _ _ _ _ _ _ _ _ _ _ _ _ _ _ _ _ _ _ _ _ _ _ _ _ _ _ _ _ _ _ _ _ _ _ _ _ _ _ _ _ _ _ _ _ _ _ _ _ _ _ _ _ _ _ _ _ _ _ _ _ _ _ _ _ _ _ _ _ _ _ _ _\n\nelement = <selene.core.entity.Element object at 0x00000203D7BA0B90>\n\n    def fn(element: Element):\n        if self.config.wait_for_no_overlap_found_by_js:\n            webelement = element._actual_not_overlapped_webelement\n        else:\n>           webelement = element()\n\n..\\..\\AppData\\Local\\Programs\\Python\\Python311\\Lib\\site-packages\\selene\\core\\entity.py:454: \n_ _ _ _ _ _ _ _ _ _ _ _ _ _ _ _ _ _ _ _ _ _ _ _ _ _ _ _ _ _ _ _ _ _ _ _ _ _ _ _ _ _ _ _ _ _ _ _ _ _ _ _ _ _ _ _ _ _ _ _ _ _ _ _ _ _ _ _ _ _ _ _ _ _\n\nself = <selene.core.entity.Element object at 0x00000203D7BA0B90>\n\n    def __call__(self) -> WebElement:\n>       return self.locate()\n\n..\\..\\AppData\\Local\\Programs\\Python\\Python311\\Lib\\site-packages\\selene\\core\\entity.py:196: \n_ _ _ _ _ _ _ _ _ _ _ _ _ _ _ _ _ _ _ _ _ _ _ _ _ _ _ _ _ _ _ _ _ _ _ _ _ _ _ _ _ _ _ _ _ _ _ _ _ _ _ _ _ _ _ _ _ _ _ _ _ _ _ _ _ _ _ _ _ _ _ _ _ _\n\nself = <selene.core.entity.Element object at 0x00000203D7BA0B90>\n\n    def locate(self) -> WebElement:\n>       return self._locator()\n\n..\\..\\AppData\\Local\\Programs\\Python\\Python311\\Lib\\site-packages\\selene\\core\\entity.py:189: \n_ _ _ _ _ _ _ _ _ _ _ _ _ _ _ _ _ _ _ _ _ _ _ _ _ _ _ _ _ _ _ _ _ _ _ _ _ _ _ _ _ _ _ _ _ _ _ _ _ _ _ _ _ _ _ _ _ _ _ _ _ _ _ _ _ _ _ _ _ _ _ _ _ _\n\nself = <selene.core.locator.Locator object at 0x00000203D7BA15D0>\n\n    def __call__(self) -> T:\n>       return self._locate()\n\n..\\..\\AppData\\Local\\Programs\\Python\\Python311\\Lib\\site-packages\\selene\\core\\locator.py:34: \n_ _ _ _ _ _ _ _ _ _ _ _ _ _ _ _ _ _ _ _ _ _ _ _ _ _ _ _ _ _ _ _ _ _ _ _ _ _ _ _ _ _ _ _ _ _ _ _ _ _ _ _ _ _ _ _ _ _ _ _ _ _ _ _ _ _ _ _ _ _ _ _ _ _\n\n>       Locator(f'{self}.element({by})', lambda: self.driver.find_element(*by)),\n        self.config,\n    )\n\n..\\..\\AppData\\Local\\Programs\\Python\\Python311\\Lib\\site-packages\\selene\\core\\entity.py:1132: \n_ _ _ _ _ _ _ _ _ _ _ _ _ _ _ _ _ _ _ _ _ _ _ _ _ _ _ _ _ _ _ _ _ _ _ _ _ _ _ _ _ _ _ _ _ _ _ _ _ _ _ _ _ _ _ _ _ _ _ _ _ _ _ _ _ _ _ _ _ _ _ _ _ _\n\nself = <selenium.webdriver.chrome.webdriver.WebDriver (session=\"442fe79dbadff26814cb8273660ad0ec\")>, by = 'css selector', value = '[name=login]'\n\n    def find_element(self, by=By.ID, value: Optional[str] = None) -> WebElement:\n        \"\"\"Find an element given a By strategy and locator.\n    \n        :Usage:\n            ::\n    \n                element = driver.find_element(By.ID, 'foo')\n    \n        :rtype: WebElement\n        \"\"\"\n        if isinstance(by, RelativeBy):\n            elements = self.find_elements(by=by, value=value)\n            if not elements:\n                raise NoSuchElementException(f\"Cannot locate relative element with: {by.root}\")\n            return elements[0]\n    \n        if by == By.ID:\n            by = By.CSS_SELECTOR\n            value = f'[id=\"{value}\"]'\n        elif by == By.CLASS_NAME:\n            by = By.CSS_SELECTOR\n            value = f\".{value}\"\n        elif by == By.NAME:\n            by = By.CSS_SELECTOR\n            value = f'[name=\"{value}\"]'\n    \n>       return self.execute(Command.FIND_ELEMENT, {\"using\": by, \"value\": value})[\"value\"]\n\n..\\..\\AppData\\Local\\Programs\\Python\\Python311\\Lib\\site-packages\\selenium\\webdriver\\remote\\webdriver.py:831: \n_ _ _ _ _ _ _ _ _ _ _ _ _ _ _ _ _ _ _ _ _ _ _ _ _ _ _ _ _ _ _ _ _ _ _ _ _ _ _ _ _ _ _ _ _ _ _ _ _ _ _ _ _ _ _ _ _ _ _ _ _ _ _ _ _ _ _ _ _ _ _ _ _ _\n\nself = <selenium.webdriver.chrome.webdriver.WebDriver (session=\"442fe79dbadff26814cb8273660ad0ec\")>, driver_command = 'findElement'\nparams = {'using': 'css selector', 'value': '[name=login]'}\n\n    def execute(self, driver_command: str, params: dict = None) -> dict:\n        \"\"\"Sends a command to be executed by a command.CommandExecutor.\n    \n        :Args:\n         - driver_command: The name of the command to execute as a string.\n         - params: A dictionary of named parameters to send with the command.\n    \n        :Returns:\n          The command's JSON response loaded into a dictionary object.\n        \"\"\"\n        params = self._wrap_value(params)\n    \n        if self.session_id:\n            if not params:\n                params = {\"sessionId\": self.session_id}\n            elif \"sessionId\" not in params:\n                params[\"sessionId\"] = self.session_id\n    \n        response = self.command_executor.execute(driver_command, params)\n        if response:\n>           self.error_handler.check_response(response)\n\n..\\..\\AppData\\Local\\Programs\\Python\\Python311\\Lib\\site-packages\\selenium\\webdriver\\remote\\webdriver.py:440: \n_ _ _ _ _ _ _ _ _ _ _ _ _ _ _ _ _ _ _ _ _ _ _ _ _ _ _ _ _ _ _ _ _ _ _ _ _ _ _ _ _ _ _ _ _ _ _ _ _ _ _ _ _ _ _ _ _ _ _ _ _ _ _ _ _ _ _ _ _ _ _ _ _ _\n\nself = <selenium.webdriver.remote.errorhandler.ErrorHandler object at 0x00000203D4D376D0>\nresponse = {'status': 404, 'value': '{\"value\":{\"error\":\"no such element\",\"message\":\"no such element: Unable to locate element: {\\...dInitThunk [0x75D57D59+25]\\\\n\\\\tRtlInitializeExceptionChain [0x7759B79B+107]\\\\n\\\\tRtlClearBits [0x7759B71F+191]\\\\n\"}}'}\n\n    def check_response(self, response: Dict[str, Any]) -> None:\n        \"\"\"Checks that a JSON response from the WebDriver does not have an\n        error.\n    \n        :Args:\n         - response - The JSON response from the WebDriver server as a dictionary\n           object.\n    \n        :Raises: If the response contains an error message.\n        \"\"\"\n        status = response.get(\"status\", None)\n        if not status or status == ErrorCode.SUCCESS:\n            return\n        value = None\n        message = response.get(\"message\", \"\")\n        screen: str = response.get(\"screen\", \"\")\n        stacktrace = None\n        if isinstance(status, int):\n            value_json = response.get(\"value\", None)\n            if value_json and isinstance(value_json, str):\n                import json\n    \n                try:\n                    value = json.loads(value_json)\n                    if len(value) == 1:\n                        value = value[\"value\"]\n                    status = value.get(\"error\", None)\n                    if not status:\n                        status = value.get(\"status\", ErrorCode.UNKNOWN_ERROR)\n                        message = value.get(\"value\") or value.get(\"message\")\n                        if not isinstance(message, str):\n                            value = message\n                            message = message.get(\"message\")\n                    else:\n                        message = value.get(\"message\", None)\n                except ValueError:\n                    pass\n    \n        exception_class: Type[WebDriverException]\n        if status in ErrorCode.NO_SUCH_ELEMENT:\n            exception_class = NoSuchElementException\n        elif status in ErrorCode.NO_SUCH_FRAME:\n            exception_class = NoSuchFrameException\n        elif status in ErrorCode.NO_SUCH_SHADOW_ROOT:\n            exception_class = NoSuchShadowRootException\n        elif status in ErrorCode.NO_SUCH_WINDOW:\n            exception_class = NoSuchWindowException\n        elif status in ErrorCode.STALE_ELEMENT_REFERENCE:\n            exception_class = StaleElementReferenceException\n        elif status in ErrorCode.ELEMENT_NOT_VISIBLE:\n            exception_class = ElementNotVisibleException\n        elif status in ErrorCode.INVALID_ELEMENT_STATE:\n            exception_class = InvalidElementStateException\n        elif (\n            status in ErrorCode.INVALID_SELECTOR\n            or status in ErrorCode.INVALID_XPATH_SELECTOR\n            or status in ErrorCode.INVALID_XPATH_SELECTOR_RETURN_TYPER\n        ):\n            exception_class = InvalidSelectorException\n        elif status in ErrorCode.ELEMENT_IS_NOT_SELECTABLE:\n            exception_class = ElementNotSelectableException\n        elif status in ErrorCode.ELEMENT_NOT_INTERACTABLE:\n            exception_class = ElementNotInteractableException\n        elif status in ErrorCode.INVALID_COOKIE_DOMAIN:\n            exception_class = InvalidCookieDomainException\n        elif status in ErrorCode.UNABLE_TO_SET_COOKIE:\n            exception_class = UnableToSetCookieException\n        elif status in ErrorCode.TIMEOUT:\n            exception_class = TimeoutException\n        elif status in ErrorCode.SCRIPT_TIMEOUT:\n            exception_class = TimeoutException\n        elif status in ErrorCode.UNKNOWN_ERROR:\n            exception_class = WebDriverException\n        elif status in ErrorCode.UNEXPECTED_ALERT_OPEN:\n            exception_class = UnexpectedAlertPresentException\n        elif status in ErrorCode.NO_ALERT_OPEN:\n            exception_class = NoAlertPresentException\n        elif status in ErrorCode.IME_NOT_AVAILABLE:\n            exception_class = ImeNotAvailableException\n        elif status in ErrorCode.IME_ENGINE_ACTIVATION_FAILED:\n            exception_class = ImeActivationFailedException\n        elif status in ErrorCode.MOVE_TARGET_OUT_OF_BOUNDS:\n            exception_class = MoveTargetOutOfBoundsException\n        elif status in ErrorCode.JAVASCRIPT_ERROR:\n            exception_class = JavascriptException\n        elif status in ErrorCode.SESSION_NOT_CREATED:\n            exception_class = SessionNotCreatedException\n        elif status in ErrorCode.INVALID_ARGUMENT:\n            exception_class = InvalidArgumentException\n        elif status in ErrorCode.NO_SUCH_COOKIE:\n            exception_class = NoSuchCookieException\n        elif status in ErrorCode.UNABLE_TO_CAPTURE_SCREEN:\n            exception_class = ScreenshotException\n        elif status in ErrorCode.ELEMENT_CLICK_INTERCEPTED:\n            exception_class = ElementClickInterceptedException\n        elif status in ErrorCode.INSECURE_CERTIFICATE:\n            exception_class = InsecureCertificateException\n        elif status in ErrorCode.INVALID_COORDINATES:\n            exception_class = InvalidCoordinatesException\n        elif status in ErrorCode.INVALID_SESSION_ID:\n            exception_class = InvalidSessionIdException\n        elif status in ErrorCode.UNKNOWN_METHOD:\n            exception_class = UnknownMethodException\n        else:\n            exception_class = WebDriverException\n        if not value:\n            value = response[\"value\"]\n        if isinstance(value, str):\n            raise exception_class(value)\n        if message == \"\" and \"message\" in value:\n            message = value[\"message\"]\n    \n        screen = None  # type: ignore[assignment]\n        if \"screen\" in value:\n            screen = value[\"screen\"]\n    \n        stacktrace = None\n        st_value = value.get(\"stackTrace\") or value.get(\"stacktrace\")\n        if st_value:\n            if isinstance(st_value, str):\n                stacktrace = st_value.split(\"\\n\")\n            else:\n                stacktrace = []\n                try:\n                    for frame in st_value:\n                        line = frame.get(\"lineNumber\", \"\")\n                        file = frame.get(\"fileName\", \"<anonymous>\")\n                        if line:\n                            file = f\"{file}:{line}\"\n                        meth = frame.get(\"methodName\", \"<anonymous>\")\n                        if \"className\" in frame:\n                            meth = f\"{frame['className']}.{meth}\"\n                        msg = \"    at %s (%s)\"\n                        msg = msg % (meth, file)\n                        stacktrace.append(msg)\n                except TypeError:\n                    pass\n        if exception_class == UnexpectedAlertPresentException:\n            alert_text = None\n            if \"data\" in value:\n                alert_text = value[\"data\"].get(\"text\")\n            elif \"alert\" in value:\n                alert_text = value[\"alert\"].get(\"text\")\n            raise exception_class(message, screen, stacktrace, alert_text)  # type: ignore[call-arg]  # mypy is not smart enough here\n>       raise exception_class(message, screen, stacktrace)\nE       selenium.common.exceptions.NoSuchElementException: Message: no such element: Unable to locate element: {\"method\":\"css selector\",\"selector\":\"[name=login]\"}\nE         (Session info: chrome=114.0.5735.199)\nE       Stacktrace:\nE       Backtrace:\nE       \tGetHandleVerifier [0x0046A813+48355]\nE       \t(No symbol) [0x003FC4B1]\nE       \t(No symbol) [0x00305358]\nE       \t(No symbol) [0x003309A5]\nE       \t(No symbol) [0x00330B3B]\nE       \t(No symbol) [0x0035E232]\nE       \t(No symbol) [0x0034A784]\nE       \t(No symbol) [0x0035C922]\nE       \t(No symbol) [0x0034A536]\nE       \t(No symbol) [0x003282DC]\nE       \t(No symbol) [0x003293DD]\nE       \tGetHandleVerifier [0x006CAABD+2539405]\nE       \tGetHandleVerifier [0x0070A78F+2800735]\nE       \tGetHandleVerifier [0x0070456C+2775612]\nE       \tGetHandleVerifier [0x004F51E0+616112]\nE       \t(No symbol) [0x00405F8C]\nE       \t(No symbol) [0x00402328]\nE       \t(No symbol) [0x0040240B]\nE       \t(No symbol) [0x003F4FF7]\nE       \tBaseThreadInitThunk [0x75D57D59+25]\nE       \tRtlInitializeExceptionChain [0x7759B79B+107]\nE       \tRtlClearBits [0x7759B71F+191]\n\n..\\..\\AppData\\Local\\Programs\\Python\\Python311\\Lib\\site-packages\\selenium\\webdriver\\remote\\errorhandler.py:245: NoSuchElementException\n\nDuring handling of the above exception, another exception occurred:\n\n    @allure.tag(\"web\")\n    @allure.feature(f'Sign in')\n    @allure.story(\"Successful login and expected redirection of URL\")\n    def test_successful_login():\n        with allure.step('Select login and enter an valid username and password'):\n            app.user_log_in.open() \\\n>               .fill_email(user.email) \\\n                .fill_password(user.password) \\\n                .login_button()\n\ntests\\test_login.py:25: \n_ _ _ _ _ _ _ _ _ _ _ _ _ _ _ _ _ _ _ _ _ _ _ _ _ _ _ _ _ _ _ _ _ _ _ _ _ _ _ _ _ _ _ _ _ _ _ _ _ _ _ _ _ _ _ _ _ _ _ _ _ _ _ _ _ _ _ _ _ _ _ _ _ _\nworkingnomads_autotests_web\\model\\pages\\user_log_in_page.py:10: in fill_email\n    browser.element('[name=login]').type(email)\n..\\..\\AppData\\Local\\Programs\\Python\\Python311\\Lib\\site-packages\\selene\\core\\entity.py:459: in type\n    self.wait.for_(\n..\\..\\AppData\\Local\\Programs\\Python\\Python311\\Lib\\site-packages\\selene\\core\\wait.py:143: in for_\n    return self._decorator(self)(logic)(fn)\n_ _ _ _ _ _ _ _ _ _ _ _ _ _ _ _ _ _ _ _ _ _ _ _ _ _ _ _ _ _ _ _ _ _ _ _ _ _ _ _ _ _ _ _ _ _ _ _ _ _ _ _ _ _ _ _ _ _ _ _ _ _ _ _ _ _ _ _ _ _ _ _ _ _\n\nfn = <selene.core.wait.Command object at 0x00000203D7BA2B90>\n\n    def logic(fn: Callable[[E], R]) -> R:\n        finish_time = time.time() + self._timeout\n    \n        while True:\n            try:\n                return fn(self.entity)\n            except Exception as reason:\n                if time.time() > finish_time:\n                    reason_message = str(reason)\n    \n                    reason_string = '{name}: {message}'.format(\n                        name=reason.__class__.__name__,\n                        message=reason_message,\n                    )\n                    # TODO: think on how can we improve logging failures in selene, e.g. reverse msg and stacktrace\n                    # stacktrace = getattr(reason, 'stacktrace', None)\n                    timeout = self._timeout\n                    entity = self.entity\n    \n                    failure = TimeoutException(\n                        f'\\n'\n                        f'\\nTimed out after {timeout}s, while waiting for:'\n                        f'\\n{entity}.{fn}'\n                        f'\\n'\n                        f'\\nReason: {reason_string}'\n                    )\n    \n>                   raise self._hook_failure(failure)\nE                   selene.core.exceptions.TimeoutException: Message: \nE                   \nE                   Timed out after 2.0s, while waiting for:\nE                   browser.element(('css selector', '[name=login]')).type: skmeerim1999@gmail.com\nE                   \nE                   Reason: NoSuchElementException: Message: no such element: Unable to locate element: {\"method\":\"css selector\",\"selector\":\"[name=login]\"}\nE                     (Session info: chrome=114.0.5735.199)\nE                   Stacktrace:\nE                   Backtrace:\nE                   \tGetHandleVerifier [0x0046A813+48355]\nE                   \t(No symbol) [0x003FC4B1]\nE                   \t(No symbol) [0x00305358]\nE                   \t(No symbol) [0x003309A5]\nE                   \t(No symbol) [0x00330B3B]\nE                   \t(No symbol) [0x0035E232]\nE                   \t(No symbol) [0x0034A784]\nE                   \t(No symbol) [0x0035C922]\nE                   \t(No symbol) [0x0034A536]\nE                   \t(No symbol) [0x003282DC]\nE                   \t(No symbol) [0x003293DD]\nE                   \tGetHandleVerifier [0x006CAABD+2539405]\nE                   \tGetHandleVerifier [0x0070A78F+2800735]\nE                   \tGetHandleVerifier [0x0070456C+2775612]\nE                   \tGetHandleVerifier [0x004F51E0+616112]\nE                   \t(No symbol) [0x00405F8C]\nE                   \t(No symbol) [0x00402328]\nE                   \t(No symbol) [0x0040240B]\nE                   \t(No symbol) [0x003F4FF7]\nE                   \tBaseThreadInitThunk [0x75D57D59+25]\nE                   \tRtlInitializeExceptionChain [0x7759B79B+107]\nE                   \tRtlClearBits [0x7759B71F+191]\nE                   \nE                   Screenshot: file://C:\\Users\\skmee\\.selene\\screenshots\\1689658142356\\1689658142358.png\nE                   PageSource: file://C:\\Users\\skmee\\.selene\\screenshots\\1689658142356\\1689658142358.html\n\n..\\..\\AppData\\Local\\Programs\\Python\\Python311\\Lib\\site-packages\\selene\\core\\wait.py:141: TimeoutException"}, "steps": [{"name": "Select login and enter an valid username and password", "status": "failed", "statusDetails": {"message": "selene.core.exceptions.TimeoutException: Message: \n\nTimed out after 2.0s, while waiting for:\nbrowser.element(('css selector', '[name=login]')).type: skmeerim1999@gmail.com\n\nReason: NoSuchElementException: Message: no such element: Unable to locate element: {\"method\":\"css selector\",\"selector\":\"[name=login]\"}\n  (Session info: chrome=114.0.5735.199)\nStacktrace:\nBacktrace:\n\tGetHandleVerifier [0x0046A813+48355]\n\t(No symbol) [0x003FC4B1]\n\t(No symbol) [0x00305358]\n\t(No symbol) [0x003309A5]\n\t(No symbol) [0x00330B3B]\n\t(No symbol) [0x0035E232]\n\t(No symbol) [0x0034A784]\n\t(No symbol) [0x0035C922]\n\t(No symbol) [0x0034A536]\n\t(No symbol) [0x003282DC]\n\t(No symbol) [0x003293DD]\n\tGetHandleVerifier [0x006CAABD+2539405]\n\tGetHandleVerifier [0x0070A78F+2800735]\n\tGetHandleVerifier [0x0070456C+2775612]\n\tGetHandleVerifier [0x004F51E0+616112]\n\t(No symbol) [0x00405F8C]\n\t(No symbol) [0x00402328]\n\t(No symbol) [0x0040240B]\n\t(No symbol) [0x003F4FF7]\n\tBaseThreadInitThunk [0x75D57D59+25]\n\tRtlInitializeExceptionChain [0x7759B79B+107]\n\tRtlClearBits [0x7759B71F+191]\n\nScreenshot: file://C:\\Users\\skmee\\.selene\\screenshots\\1689658142356\\1689658142358.png\nPageSource: file://C:\\Users\\skmee\\.selene\\screenshots\\1689658142356\\1689658142358.html\n\n", "trace": "  File \"C:\\Users\\skmee\\PycharmProjects\\workingnomads_autotests_web\\tests\\test_login.py\", line 25, in test_successful_login\n    .fill_email(user.email) \\\n     ^^^^^^^^^^^^^^^^^^^^^^\n  File \"C:\\Users\\skmee\\PycharmProjects\\workingnomads_autotests_web\\workingnomads_autotests_web\\model\\pages\\user_log_in_page.py\", line 10, in fill_email\n    browser.element('[name=login]').type(email)\n  File \"C:\\Users\\skmee\\AppData\\Local\\Programs\\Python\\Python311\\Lib\\site-packages\\selene\\core\\entity.py\", line 459, in type\n    self.wait.for_(\n  File \"C:\\Users\\skmee\\AppData\\Local\\Programs\\Python\\Python311\\Lib\\site-packages\\selene\\core\\wait.py\", line 143, in for_\n    return self._decorator(self)(logic)(fn)\n           ^^^^^^^^^^^^^^^^^^^^^^^^^^^^^^^^\n  File \"C:\\Users\\skmee\\AppData\\Local\\Programs\\Python\\Python311\\Lib\\site-packages\\selene\\core\\wait.py\", line 141, in logic\n    raise self._hook_failure(failure)\n"}, "start": 1689658193186, "stop": 1689658223723}], "start": 1689658193186, "stop": 1689658223729, "uuid": "fd6cf2e2-2741-440e-baf8-29adc4e35572", "historyId": "c52714b8b147663391116672566fcdce", "testCaseId": "f4e42ed032845b0ed5c71539b726bc6e", "fullName": "tests.test_login#test_successful_login", "labels": [{"name": "story", "value": "Successful login and expected redirection of URL"}, {"name": "feature", "value": "Sign in"}, {"name": "tag", "value": "web"}, {"name": "parentSuite", "value": "tests"}, {"name": "suite", "value": "test_login"}, {"name": "host", "value": "LAPTOP-OFQSKCIR"}, {"name": "thread", "value": "15424-MainThread"}, {"name": "framework", "value": "pytest"}, {"name": "language", "value": "cpython3"}, {"name": "package", "value": "tests.test_login"}]}